<?xml version="1.0" encoding="UTF-8"?>
<!-- Generated by org.testng.reporters.JUnitReportReporter -->
<testsuite hostname="KCSLAP5103" failures="0" tests="1" name="org.test.InxeptionEstimatedHours.TestSearchDataByDataSource" time="3.511" errors="0" timestamp="2022-09-26T15:22:08 IST" skipped="0">
  <testcase classname="org.test.InxeptionEstimatedHours.TestSearchDataByDataSource" name="testGetPerson" time="3.511"/>
  <system-out/>
</testsuite> <!-- org.test.InxeptionEstimatedHours.TestSearchDataByDataSource -->
