<?xml version="1.0" encoding="UTF-8"?>
<!-- Generated by org.testng.reporters.JUnitReportReporter -->
<testsuite hostname="KCSLAP5103" failures="0" tests="1" name="org.test.InxeptionEstimatedHours.helpers.PersonServiceHelper" time="2.973" errors="0" timestamp="2022-08-02T12:12:36 IST" skipped="0">
  <testcase classname="org.test.InxeptionEstimatedHours.helpers.PersonServiceHelper" name="getStatus" time="2.973"/>
  <system-out/>
</testsuite> <!-- org.test.InxeptionEstimatedHours.helpers.PersonServiceHelper -->
